info it worked if it ends with ok
verbose cli [ 'node', '/usr/local/bin/npm', 'start' ]
info using npm@1.0.101
info using node@v0.4.12
verbose /usr/local/bin/node node symlink
verbose config file /Users/davida/.npmrc
verbose config file /usr/local/etc/npmrc
verbose config file /usr/local/lib/node_modules/npm/npmrc
silly testEngine { name: 'sylviatime',
silly testEngine   version: '0.0.1',
silly testEngine   dependencies: 
silly testEngine    { express: '2.4.6',
silly testEngine      mongodb: '0.9.7',
silly testEngine      jade: '0.18.0',
silly testEngine      cluster: '0.7.7',
silly testEngine      less: '1.1.5',
silly testEngine      postprocess: '0.0.2',
silly testEngine      'connect-cookie-session': '0.0.2' },
silly testEngine   scripts: { start: 'node app.js' },
silly testEngine   _id: 'sylviatime@0.0.1',
silly testEngine   devDependencies: {},
silly testEngine   engines: { node: '*' },
silly testEngine   _engineSupported: true,
silly testEngine   _npmVersion: '1.0.101',
silly testEngine   _nodeVersion: 'v0.4.12',
silly testEngine   _defaultsLoaded: true }
verbose caching /Users/davida/src/sylviatime/package.json
verbose loadDefaults sylviatime@0.0.1
verbose run-script [ 'prestart', 'start', 'poststart' ]
info prestart sylviatime@0.0.1
info start sylviatime@0.0.1
verbose unsafe-perm in lifecycle true
silly exec sh "-c" "node app.js"
silly spawning [ 'sh',
silly spawning   [ '-c', 'node app.js' ],
silly spawning   '/Users/davida/src/sylviatime' ]
info sylviatime@0.0.1 Failed to exec start script
ERR! sylviatime@0.0.1 start: `node app.js`
ERR! `sh "-c" "node app.js"` failed with 1
ERR! 
ERR! Failed at the sylviatime@0.0.1 start script.
ERR! This is most likely a problem with the sylviatime package,
ERR! not with npm itself.
ERR! Tell the author that this fails on your system:
ERR!     node app.js
ERR! You can get their info via:
ERR!     npm owner ls sylviatime
ERR! There is likely additional logging output above.
ERR! 
ERR! System Darwin 11.2.0
ERR! command "node" "/usr/local/bin/npm" "start"
ERR! cwd /Users/davida/src/sylviatime
ERR! node -v v0.4.12
ERR! npm -v 1.0.101
ERR! code ELIFECYCLE
verbose exit [ 1, true ]
